<?xml version="1.0" encoding="UTF-8"?>
<!-- Generated by org.testng.reporters.JUnitReportReporter -->
<testsuite skipped="0" hostname="Digisol" name="com.practiceWeb_package.BrokenLinkTest" tests="1" failures="0" timestamp="2023-01-24T17:33:55 IST" time="24.724" errors="0">
  <testcase name="testLink" time="24.724" classname="com.practiceWeb_package.BrokenLinkTest"/>
  <system-out/>
</testsuite> <!-- com.practiceWeb_package.BrokenLinkTest -->
