<?xml version="1.0" encoding="UTF-8"?>
<!-- Generated by org.testng.reporters.JUnitReportReporter -->
<testsuite skipped="0" hostname="Digisol" name="com.practiceWeb_package.ShadowRoot" tests="1" failures="0" timestamp="2023-01-25T10:28:02 IST" time="7.147" errors="0">
  <testcase name="testShadowRoot" time="7.147" classname="com.practiceWeb_package.ShadowRoot"/>
  <system-out/>
</testsuite> <!-- com.practiceWeb_package.ShadowRoot -->
