<?xml version="1.0" encoding="UTF-8"?>
<!-- Generated by org.testng.reporters.JUnitReportReporter -->
<testsuite skipped="0" hostname="Digisol" name="com.practiceWeb_package.SeleniumGridDemo2" tests="2" failures="0" timestamp="2023-01-29T18:32:22 IST" time="30.033" errors="0">
  <testcase name="setup" time="21.157" classname="com.practiceWeb_package.SeleniumGridDemo2"/>
  <system-out/>
  <testcase name="login" time="8.876" classname="com.practiceWeb_package.SeleniumGridDemo2"/>
  <system-out/>
</testsuite> <!-- com.practiceWeb_package.SeleniumGridDemo2 -->
