<?xml version="1.0" encoding="UTF-8"?>
<!-- Generated by org.testng.reporters.JUnitReportReporter -->
<testsuite skipped="0" hostname="Digisol" name="com.practiceWeb_package.DataProviderDemo" tests="3" failures="0" timestamp="2023-01-29T18:45:23 IST" time="75.052" errors="0">
  <testcase name="login" time="18.775" classname="com.practiceWeb_package.DataProviderDemo"/>
  <system-out/>
  <testcase name="login" time="26.514" classname="com.practiceWeb_package.DataProviderDemo"/>
  <system-out/>
  <testcase name="login" time="29.763" classname="com.practiceWeb_package.DataProviderDemo"/>
  <system-out/>
</testsuite> <!-- com.practiceWeb_package.DataProviderDemo -->
